2025-04-23 22:45:44,914 - INFO - 正在读取数据文件: /home/lamost-manifold-dr-cluster/data/processed/noise_filtered_spectra.csv
2025-04-23 22:46:34,695 - INFO - 数据验证通过，有效行数：2830
2025-04-23 22:46:35,966 - INFO - 总光谱数量: 2830
2025-04-23 22:46:35,966 - INFO - 每个光谱的数据点数量: 3909
2025-04-23 22:47:22,726 - WARNING - obsid 949604165: 存在负通量值 (2 个, 占比 0.05%)
2025-04-23 22:47:25,278 - WARNING - obsid 993903016: 存在负通量值 (1 个, 占比 0.03%)
2025-04-23 22:48:38,632 - INFO - 已处理 100 个光谱
2025-04-23 22:48:38,643 - WARNING - obsid 965408215: 存在负通量值 (6 个, 占比 0.15%)
2025-04-23 22:48:41,103 - WARNING - obsid 949114246: 存在负通量值 (21 个, 占比 0.54%)
2025-04-23 22:48:52,986 - WARNING - obsid 992709109: 存在负通量值 (1 个, 占比 0.03%)
2025-04-23 22:49:47,138 - WARNING - obsid 966403121: 存在负通量值 (1 个, 占比 0.03%)
2025-04-23 22:50:13,041 - WARNING - obsid 949005027: 存在负通量值 (8 个, 占比 0.20%)
2025-04-23 22:50:15,424 - WARNING - obsid 939701040: 存在负通量值 (2 个, 占比 0.05%)
2025-04-23 22:50:19,012 - WARNING - obsid 966710126: 存在负通量值 (7 个, 占比 0.18%)
2025-04-23 22:50:28,651 - WARNING - obsid 939707082: 存在负通量值 (1 个, 占比 0.03%)
2025-04-23 22:50:37,257 - INFO - 已处理 200 个光谱
2025-04-23 22:50:37,267 - WARNING - obsid 939611059: 存在负通量值 (1 个, 占比 0.03%)
2025-04-23 22:51:09,534 - WARNING - obsid 964213180: 存在负通量值 (2 个, 占比 0.05%)
2025-04-23 22:52:12,935 - WARNING - obsid 966206120: 存在负通量值 (1 个, 占比 0.03%)
2025-04-23 22:52:30,961 - WARNING - obsid 966213207: 存在负通量值 (1 个, 占比 0.03%)
2025-04-23 22:52:38,399 - INFO - 已处理 300 个光谱
2025-04-23 22:52:44,567 - WARNING - obsid 974604247: 存在负通量值 (1 个, 占比 0.03%)
2025-04-23 22:52:45,768 - WARNING - obsid 966213192: 存在负通量值 (4 个, 占比 0.10%)
2025-04-23 22:52:50,538 - WARNING - obsid 939412138: 存在负通量值 (9 个, 占比 0.23%)
2025-04-23 22:52:56,485 - WARNING - obsid 994909108: 存在负通量值 (3 个, 占比 0.08%)
2025-04-23 22:53:04,889 - WARNING - obsid 939412184: 存在负通量值 (1 个, 占比 0.03%)
2025-04-23 22:53:35,515 - WARNING - obsid 1016212164: 存在负通量值 (1 个, 占比 0.03%)
2025-04-23 22:53:36,724 - WARNING - obsid 948807054: 存在负通量值 (1 个, 占比 0.03%)
2025-04-23 22:53:59,597 - WARNING - obsid 999603206: 存在负通量值 (1 个, 占比 0.03%)
2025-04-23 22:54:38,968 - INFO - 已处理 400 个光谱
2025-04-23 22:54:53,280 - WARNING - obsid 949605008: 存在负通量值 (2 个, 占比 0.05%)
2025-04-23 22:55:07,442 - WARNING - obsid 939711060: 存在负通量值 (8 个, 占比 0.20%)
2025-04-23 22:55:31,089 - WARNING - obsid 939714233: 存在负通量值 (2 个, 占比 0.05%)
2025-04-23 22:56:06,584 - WARNING - obsid 966007118: 存在负通量值 (2 个, 占比 0.05%)
2025-04-23 22:56:37,387 - INFO - 已处理 500 个光谱
2025-04-23 22:57:26,353 - WARNING - obsid 991602001: 存在负通量值 (10 个, 占比 0.26%)
2025-04-23 22:57:37,271 - WARNING - obsid 990209086: 存在负通量值 (1 个, 占比 0.03%)
2025-04-23 22:58:02,696 - WARNING - obsid 993609031: 存在负通量值 (1 个, 占比 0.03%)
2025-04-23 22:58:25,560 - WARNING - obsid 980208105: 存在负通量值 (1 个, 占比 0.03%)
2025-04-23 22:58:39,088 - INFO - 已处理 600 个光谱
2025-04-23 22:58:51,419 - WARNING - obsid 939708247: 存在负通量值 (1 个, 占比 0.03%)
2025-04-23 22:59:08,420 - WARNING - obsid 939201011: 存在负通量值 (1 个, 占比 0.03%)
2025-04-23 23:00:02,846 - WARNING - obsid 980507134: 存在负通量值 (66 个, 占比 1.69%)
2025-04-23 23:00:21,031 - WARNING - obsid 991608103: 存在负通量值 (2 个, 占比 0.05%)
2025-04-23 23:00:42,580 - INFO - 已处理 700 个光谱
2025-04-23 23:00:48,697 - WARNING - obsid 991811226: 存在负通量值 (1 个, 占比 0.03%)
2025-04-23 23:01:05,440 - WARNING - obsid 1016103097: 存在负通量值 (1 个, 占比 0.03%)
2025-04-23 23:01:16,242 - WARNING - obsid 1000313218: 存在负通量值 (5 个, 占比 0.13%)
2025-04-23 23:02:13,566 - WARNING - obsid 1002813173: 存在负通量值 (5 个, 占比 0.13%)
2025-04-23 23:02:18,334 - WARNING - obsid 939705229: 存在负通量值 (1 个, 占比 0.03%)
2025-04-23 23:02:42,296 - INFO - 已处理 800 个光谱
2025-04-23 23:02:45,886 - WARNING - obsid 939706008: 存在负通量值 (3 个, 占比 0.08%)
2025-04-23 23:02:48,247 - WARNING - obsid 965513245: 存在负通量值 (1 个, 占比 0.03%)
2025-04-23 23:03:07,137 - WARNING - obsid 966211234: 存在负通量值 (1 个, 占比 0.03%)
2025-04-23 23:03:33,245 - WARNING - obsid 991410020: 存在负通量值 (149 个, 占比 3.81%)
2025-04-23 23:03:35,627 - WARNING - obsid 989407134: 存在负通量值 (10 个, 占比 0.26%)
2025-04-23 23:03:43,875 - WARNING - obsid 948409244: 存在负通量值 (5 个, 占比 0.13%)
2025-04-23 23:04:00,438 - WARNING - obsid 1003206229: 存在负通量值 (2 个, 占比 0.05%)
2025-04-23 23:04:06,367 - WARNING - obsid 964607229: 存在负通量值 (2 个, 占比 0.05%)
2025-04-23 23:04:24,216 - WARNING - obsid 995814106: 存在负通量值 (2 个, 占比 0.05%)
2025-04-23 23:04:40,908 - INFO - 已处理 900 个光谱
2025-04-23 23:04:49,272 - WARNING - obsid 949111167: 存在负通量值 (1 个, 占比 0.03%)
2025-04-23 23:05:29,456 - WARNING - obsid 975511221: 存在负通量值 (2 个, 占比 0.05%)
2025-04-23 23:05:31,827 - WARNING - obsid 939202119: 存在负通量值 (1 个, 占比 0.03%)
2025-04-23 23:05:53,212 - WARNING - obsid 989314149: 存在负通量值 (3 个, 占比 0.08%)
2025-04-23 23:06:21,411 - WARNING - obsid 966507147: 存在负通量值 (3 个, 占比 0.08%)
2025-04-23 23:06:29,584 - WARNING - obsid 994706136: 存在负通量值 (1 个, 占比 0.03%)
2025-04-23 23:06:33,143 - WARNING - obsid 949608217: 存在负通量值 (1 个, 占比 0.03%)
2025-04-23 23:06:39,268 - INFO - 已处理 1000 个光谱
2025-04-23 23:06:55,749 - WARNING - obsid 995513023: 存在负通量值 (1 个, 占比 0.03%)
2025-04-23 23:07:34,506 - WARNING - obsid 1016113203: 存在负通量值 (1 个, 占比 0.03%)
2025-04-23 23:07:43,925 - WARNING - obsid 976814250: 存在负通量值 (4 个, 占比 0.10%)
2025-04-23 23:08:37,174 - INFO - 已处理 1100 个光谱
2025-04-23 23:08:43,276 - WARNING - obsid 951301245: 存在负通量值 (2 个, 占比 0.05%)
2025-04-23 23:08:53,925 - WARNING - obsid 1002806085: 存在负通量值 (1 个, 占比 0.03%)
2025-04-23 23:09:14,167 - WARNING - obsid 990710037: 存在负通量值 (1 个, 占比 0.03%)
2025-04-23 23:09:17,722 - WARNING - obsid 974109237: 存在负通量值 (1 个, 占比 0.03%)
2025-04-23 23:09:48,813 - WARNING - obsid 939516248: 存在负通量值 (1 个, 占比 0.03%)
2025-04-23 23:10:26,704 - WARNING - obsid 963405139: 存在负通量值 (1 个, 占比 0.03%)
2025-04-23 23:10:36,473 - INFO - 已处理 1200 个光谱
2025-04-23 23:10:43,795 - WARNING - obsid 949602178: 存在负通量值 (2 个, 占比 0.05%)
2025-04-23 23:10:44,973 - WARNING - obsid 964311177: 存在负通量值 (3 个, 占比 0.08%)
2025-04-23 23:10:57,940 - WARNING - obsid 1002705057: 存在负通量值 (2 个, 占比 0.05%)
2025-04-23 23:11:06,294 - WARNING - obsid 995608008: 存在负通量值 (2 个, 占比 0.05%)
2025-04-23 23:11:20,349 - WARNING - obsid 977115147: 存在负通量值 (1 个, 占比 0.03%)
2025-04-23 23:11:23,873 - WARNING - obsid 975513223: 存在负通量值 (1 个, 占比 0.03%)
2025-04-23 23:11:48,631 - WARNING - obsid 951312147: 存在负通量值 (1 个, 占比 0.03%)
2025-04-23 23:11:49,805 - WARNING - obsid 994106037: 存在负通量值 (1 个, 占比 0.03%)
2025-04-23 23:11:53,330 - WARNING - obsid 996002228: 存在负通量值 (1 个, 占比 0.03%)
2025-04-23 23:12:14,616 - WARNING - obsid 977406025: 存在负通量值 (70 个, 占比 1.79%)
2025-04-23 23:12:30,269 - WARNING - obsid 964601024: 存在负通量值 (2 个, 占比 0.05%)
2025-04-23 23:12:35,139 - INFO - 已处理 1300 个光谱
2025-04-23 23:12:36,358 - WARNING - obsid 976316005: 存在负通量值 (2 个, 占比 0.05%)
2025-04-23 23:12:54,428 - WARNING - obsid 976910003: 存在负通量值 (7 个, 占比 0.18%)
2025-04-23 23:13:28,684 - WARNING - obsid 1001608121: 存在负通量值 (1 个, 占比 0.03%)
2025-04-23 23:13:35,795 - WARNING - obsid 989009001: 存在负通量值 (4 个, 占比 0.10%)
2025-04-23 23:13:38,128 - WARNING - obsid 950404232: 存在负通量值 (1 个, 占比 0.03%)
2025-04-23 23:14:02,790 - WARNING - obsid 1015504232: 存在负通量值 (1 个, 占比 0.03%)
2025-04-23 23:14:23,076 - WARNING - obsid 948808218: 存在负通量值 (1 个, 占比 0.03%)
2025-04-23 23:14:33,754 - INFO - 已处理 1400 个光谱
2025-04-23 23:15:44,965 - WARNING - obsid 988712177: 存在负通量值 (1 个, 占比 0.03%)
2025-04-23 23:16:01,420 - WARNING - obsid 963507124: 存在负通量值 (1 个, 占比 0.03%)
2025-04-23 23:16:06,137 - WARNING - obsid 966302038: 存在负通量值 (2 个, 占比 0.05%)
2025-04-23 23:16:28,553 - WARNING - obsid 1001811011: 存在负通量值 (2 个, 占比 0.05%)
2025-04-23 23:16:32,076 - INFO - 已处理 1500 个光谱
2025-04-23 23:16:38,109 - WARNING - obsid 948412235: 存在负通量值 (5 个, 占比 0.13%)
2025-04-23 23:17:42,919 - WARNING - obsid 966607023: 存在负通量值 (3 个, 占比 0.08%)
2025-04-23 23:17:53,685 - WARNING - obsid 995513170: 存在负通量值 (2 个, 占比 0.05%)
2025-04-23 23:18:11,423 - WARNING - obsid 991504014: 存在负通量值 (10 个, 占比 0.26%)
2025-04-23 23:18:30,387 - INFO - 已处理 1600 个光谱
2025-04-23 23:18:49,657 - WARNING - obsid 977305126: 存在负通量值 (2 个, 占比 0.05%)
2025-04-23 23:19:02,656 - WARNING - obsid 1009208192: 存在负通量值 (1 个, 占比 0.03%)
2025-04-23 23:19:07,407 - WARNING - obsid 939514026: 存在负通量值 (1 个, 占比 0.03%)
2025-04-23 23:19:22,897 - WARNING - obsid 963802052: 存在负通量值 (1 个, 占比 0.03%)
2025-04-23 23:19:53,608 - WARNING - obsid 1003212200: 存在负通量值 (1 个, 占比 0.03%)
2025-04-23 23:20:25,525 - WARNING - obsid 1017909142: 存在负通量值 (2 个, 占比 0.05%)
2025-04-23 23:20:29,172 - INFO - 已处理 1700 个光谱
2025-04-23 23:20:30,396 - WARNING - obsid 1011106083: 存在负通量值 (1 个, 占比 0.03%)
2025-04-23 23:20:31,592 - WARNING - obsid 979508152: 存在负通量值 (1 个, 占比 0.03%)
2025-04-23 23:20:54,461 - WARNING - obsid 995611214: 存在负通量值 (1 个, 占比 0.03%)
2025-04-23 23:21:56,524 - WARNING - obsid 1016303022: 存在负通量值 (2 个, 占比 0.05%)
2025-04-23 23:22:28,526 - INFO - 已处理 1800 个光谱
2025-04-23 23:22:34,613 - WARNING - obsid 949902250: 存在负通量值 (2 个, 占比 0.05%)
2025-04-23 23:22:35,871 - WARNING - obsid 1011410099: 存在负通量值 (1 个, 占比 0.03%)
2025-04-23 23:23:00,068 - WARNING - obsid 949816113: 存在负通量值 (1 个, 占比 0.03%)
2025-04-23 23:23:41,992 - WARNING - obsid 1017310001: 存在负通量值 (25 个, 占比 0.64%)
2025-04-23 23:24:05,787 - WARNING - obsid 965716012: 存在负通量值 (1 个, 占比 0.03%)
2025-04-23 23:24:28,346 - INFO - 已处理 1900 个光谱
2025-04-23 23:25:09,519 - WARNING - obsid 963916032: 存在负通量值 (3 个, 占比 0.08%)
2025-04-23 23:25:21,405 - WARNING - obsid 948216074: 存在负通量值 (1 个, 占比 0.03%)
2025-04-23 23:25:23,774 - WARNING - obsid 965908147: 存在负通量值 (1 个, 占比 0.03%)
2025-04-23 23:25:45,348 - WARNING - obsid 974004029: 存在负通量值 (1 个, 占比 0.03%)
2025-04-23 23:26:19,869 - WARNING - obsid 963607117: 存在负通量值 (2 个, 占比 0.05%)
2025-04-23 23:26:28,202 - INFO - 已处理 2000 个光谱
2025-04-23 23:26:29,420 - WARNING - obsid 939407216: 存在负通量值 (1 个, 占比 0.03%)
2025-04-23 23:26:30,648 - WARNING - obsid 978006199: 存在负通量值 (2 个, 占比 0.05%)
2025-04-23 23:26:45,250 - WARNING - obsid 989203141: 存在负通量值 (1 个, 占比 0.03%)
2025-04-23 23:26:51,252 - WARNING - obsid 978314169: 存在负通量值 (1 个, 占比 0.03%)
2025-04-23 23:27:11,386 - WARNING - obsid 980214073: 存在负通量值 (5 个, 占比 0.13%)
2025-04-23 23:27:12,581 - WARNING - obsid 951112238: 存在负通量值 (1 个, 占比 0.03%)
2025-04-23 23:27:37,741 - WARNING - obsid 938811087: 存在负通量值 (1 个, 占比 0.03%)
2025-04-23 23:27:53,507 - WARNING - obsid 1003106048: 存在负通量值 (3 个, 占比 0.08%)
2025-04-23 23:28:16,223 - WARNING - obsid 991802007: 存在负通量值 (15 个, 占比 0.38%)
2025-04-23 23:28:27,947 - INFO - 已处理 2100 个光谱
2025-04-23 23:28:36,374 - WARNING - obsid 1011405200: 存在负通量值 (1 个, 占比 0.03%)
2025-04-23 23:29:33,070 - WARNING - obsid 948404162: 存在负通量值 (2 个, 占比 0.05%)
2025-04-23 23:30:11,296 - WARNING - obsid 947409218: 存在负通量值 (2 个, 占比 0.05%)
2025-04-23 23:30:13,702 - WARNING - obsid 1011315035: 存在负通量值 (2 个, 占比 0.05%)
2025-04-23 23:30:25,615 - WARNING - obsid 991914165: 存在负通量值 (3 个, 占比 0.08%)
2025-04-23 23:30:26,824 - INFO - 已处理 2200 个光谱
2025-04-23 23:30:35,309 - WARNING - obsid 1009102120: 存在负通量值 (1 个, 占比 0.03%)
2025-04-23 23:30:55,954 - WARNING - obsid 1000314160: 存在负通量值 (1 个, 占比 0.03%)
2025-04-23 23:30:57,158 - WARNING - obsid 978603068: 存在负通量值 (1 个, 占比 0.03%)
2025-04-23 23:31:02,005 - WARNING - obsid 1016206165: 存在负通量值 (3 个, 占比 0.08%)
2025-04-23 23:31:20,186 - WARNING - obsid 964515188: 存在负通量值 (1 个, 占比 0.03%)
2025-04-23 23:31:41,802 - WARNING - obsid 990810047: 存在负通量值 (1 个, 占比 0.03%)
2025-04-23 23:32:27,178 - INFO - 已处理 2300 个光谱
2025-04-23 23:32:50,099 - WARNING - obsid 1017605001: 存在负通量值 (1 个, 占比 0.03%)
2025-04-23 23:33:45,934 - WARNING - obsid 989407037: 存在负通量值 (2 个, 占比 0.05%)
2025-04-23 23:33:56,616 - WARNING - obsid 973705182: 存在负通量值 (1 个, 占比 0.03%)
2025-04-23 23:34:07,322 - WARNING - obsid 965316246: 存在负通量值 (2 个, 占比 0.05%)
2025-04-23 23:34:26,606 - INFO - 已处理 2400 个光谱
2025-04-23 23:34:32,814 - WARNING - obsid 979003247: 存在负通量值 (1 个, 占比 0.03%)
2025-04-23 23:35:22,928 - WARNING - obsid 989012026: 存在负通量值 (1 个, 占比 0.03%)
2025-04-23 23:35:52,536 - WARNING - obsid 976807066: 存在负通量值 (1 个, 占比 0.03%)
2025-04-23 23:35:58,757 - WARNING - obsid 995507026: 存在负通量值 (1 个, 占比 0.03%)
2025-04-23 23:36:29,212 - WARNING - obsid 976409241: 存在负通量值 (2 个, 占比 0.05%)
2025-04-23 23:36:30,413 - WARNING - obsid 1015410041: 存在负通量值 (1 个, 占比 0.03%)
2025-04-23 23:36:31,615 - INFO - 已处理 2500 个光谱
2025-04-23 23:36:34,062 - WARNING - obsid 991015054: 存在负通量值 (1 个, 占比 0.03%)
2025-04-23 23:36:45,122 - WARNING - obsid 948812172: 存在负通量值 (5 个, 占比 0.13%)
2025-04-23 23:37:03,776 - WARNING - obsid 996016159: 存在负通量值 (1 个, 占比 0.03%)
2025-04-23 23:37:10,141 - WARNING - obsid 980301240: 存在负通量值 (1 个, 占比 0.03%)
2025-04-23 23:37:13,902 - WARNING - obsid 999403016: 存在负通量值 (1 个, 占比 0.03%)
2025-04-23 23:37:16,393 - WARNING - obsid 992307147: 存在负通量值 (2 个, 占比 0.05%)
2025-04-23 23:37:33,664 - WARNING - obsid 974610126: 存在负通量值 (4 个, 占比 0.10%)
2025-04-23 23:38:00,542 - WARNING - obsid 993916010: 存在负通量值 (1 个, 占比 0.03%)
2025-04-23 23:38:34,836 - INFO - 已处理 2600 个光谱
2025-04-23 23:38:34,846 - WARNING - obsid 1002814046: 存在负通量值 (1 个, 占比 0.03%)
2025-04-23 23:38:43,445 - WARNING - obsid 939511047: 存在负通量值 (5 个, 占比 0.13%)
2025-04-23 23:39:06,572 - WARNING - obsid 974702127: 存在负通量值 (2 个, 占比 0.05%)
2025-04-23 23:39:23,491 - WARNING - obsid 976904049: 存在负通量值 (1 个, 占比 0.03%)
2025-04-23 23:39:36,829 - WARNING - obsid 989703185: 存在负通量值 (4 个, 占比 0.10%)
2025-04-23 23:39:44,807 - WARNING - obsid 1002204133: 存在负通量值 (5 个, 占比 0.13%)
2025-04-23 23:40:00,741 - WARNING - obsid 974005010: 存在负通量值 (1 个, 占比 0.03%)
2025-04-23 23:40:26,558 - WARNING - obsid 976911233: 存在负通量值 (2 个, 占比 0.05%)
2025-04-23 23:40:36,798 - WARNING - obsid 976915052: 存在负通量值 (1 个, 占比 0.03%)
2025-04-23 23:40:37,994 - INFO - 已处理 2700 个光谱
2025-04-23 23:40:45,340 - WARNING - obsid 978003068: 存在负通量值 (1 个, 占比 0.03%)
2025-04-23 23:40:46,545 - WARNING - obsid 948714018: 存在负通量值 (1 个, 占比 0.03%)
2025-04-23 23:41:04,950 - WARNING - obsid 978905001: 存在负通量值 (1 个, 占比 0.03%)
2025-04-23 23:41:17,888 - WARNING - obsid 993814098: 存在负通量值 (10 个, 占比 0.26%)
2025-04-23 23:41:42,984 - WARNING - obsid 1011008237: 存在负通量值 (2 个, 占比 0.05%)
2025-04-23 23:41:48,016 - WARNING - obsid 1009202001: 存在负通量值 (1 个, 占比 0.03%)
2025-04-23 23:42:14,445 - WARNING - obsid 975206185: 存在负通量值 (1 个, 占比 0.03%)
2025-04-23 23:42:23,018 - WARNING - obsid 1000315023: 存在负通量值 (1 个, 占比 0.03%)
2025-04-23 23:42:24,235 - WARNING - obsid 966003093: 存在负通量值 (2 个, 占比 0.05%)
2025-04-23 23:42:30,371 - WARNING - obsid 979114080: 存在负通量值 (1 个, 占比 0.03%)
2025-04-23 23:42:43,008 - INFO - 已处理 2800 个光谱
2025-04-23 23:43:00,274 - WARNING - obsid 979106136: 存在负通量值 (1 个, 占比 0.03%)
2025-04-23 23:43:20,329 - INFO - 正在保存处理后的数据...
2025-04-23 23:45:01,440 - INFO - 
=== 处理完成 ===
2025-04-23 23:45:01,441 - INFO - 总光谱数量: 2830
2025-04-23 23:45:01,441 - INFO - 成功处理数量: 2830
2025-04-23 23:45:01,441 - INFO - 跳过数量: 0
2025-04-23 23:45:01,596 - INFO - 
=== 标准化后的统计信息 ===
2025-04-23 23:45:01,603 - INFO - 均值: -0.000000
2025-04-23 23:45:01,656 - INFO - 标准差: 1.000000
2025-04-23 23:45:01,664 - INFO - 最小值: -7.938968
2025-04-23 23:45:01,672 - INFO - 最大值: 22.559737
2025-04-23 23:45:01,672 - INFO - 负值数量: 4798747
2025-04-23 23:45:01,672 - INFO - 负值比例: 48.64%
2025-04-23 23:45:01,931 - INFO - 每条光谱均值: 平均 -0.000000, 标准差 0.000000
2025-04-23 23:45:01,931 - INFO - 
=== 按恒星类型统计 ===
2025-04-23 23:45:02,068 - INFO - 
A型星:
2025-04-23 23:45:02,068 - INFO - 光谱数量: 953
2025-04-23 23:45:02,070 - INFO - 均值: 0.000000
2025-04-23 23:45:02,082 - INFO - 标准差: 1.000000
2025-04-23 23:45:02,084 - INFO - 最小值: -7.485725
2025-04-23 23:45:02,086 - INFO - 最大值: 15.187016
2025-04-23 23:45:02,087 - INFO - 负值数量: 1731880
2025-04-23 23:45:02,087 - INFO - 负值比例: 53.65%
2025-04-23 23:45:02,183 - INFO - 
F型星:
2025-04-23 23:45:02,184 - INFO - 光谱数量: 952
2025-04-23 23:45:02,186 - INFO - 均值: -0.000000
2025-04-23 23:45:02,198 - INFO - 标准差: 1.000000
2025-04-23 23:45:02,201 - INFO - 最小值: -7.938968
2025-04-23 23:45:02,203 - INFO - 最大值: 22.559737
2025-04-23 23:45:02,203 - INFO - 负值数量: 1607360
2025-04-23 23:45:02,203 - INFO - 负值比例: 48.11%
2025-04-23 23:45:02,296 - INFO - 
G型星:
2025-04-23 23:45:02,296 - INFO - 光谱数量: 925
2025-04-23 23:45:02,298 - INFO - 均值: -0.000000
2025-04-23 23:45:02,310 - INFO - 标准差: 1.000000
2025-04-23 23:45:02,312 - INFO - 最小值: -7.578994
2025-04-23 23:45:02,314 - INFO - 最大值: 19.937662
2025-04-23 23:45:02,314 - INFO - 负值数量: 1459507
2025-04-23 23:45:02,314 - INFO - 负值比例: 44.27%
2025-04-23 23:45:02,315 - INFO - 
处理后的数据已保存到: /home/lamost-manifold-dr-cluster/data/processed/normalized_filtered_spectra.csv
